2022-08-23 21:42:34,616 - Simulation parameters:
2022-08-23 21:42:34,620 - {'simulation_id': 'simulation_20220823_214233', 'base_dir': '.', 'N': 100, 'k': 4, 'p': 0.2, 'graph': <networkx.classes.graph.Graph object at 0x7fef4b1dc9a0>, 'adjcency_matrix': DeviceArray([[0., 1., 1., ..., 0., 1., 0.],
             [1., 0., 1., ..., 0., 0., 1.],
             [1., 1., 0., ..., 0., 0., 0.],
             ...,
             [0., 0., 0., ..., 0., 1., 1.],
             [1., 0., 0., ..., 1., 0., 0.],
             [0., 1., 0., ..., 1., 0., 0.]], dtype=float32), 'w_max': 0.2, 'w_0': 0.0, 'network': RulkovNetwork(adjacency_matrix=DeviceArray([[0., 1., 1., ..., 0., 1., 0.],
             [1., 0., 1., ..., 0., 0., 1.],
             [1., 1., 0., ..., 0., 0., 0.],
             ...,
             [0., 0., 0., ..., 0., 1., 1.],
             [1., 0., 0., ..., 1., 0., 0.],
             [0., 1., 0., ..., 1., 0., 0.]], dtype=float32), n=100, weights=DeviceArray([[0., 0., 0., ..., 0., 0., 0.],
             [0., 0., 0., ..., 0., 0., 0.],
             [0., 0., 0., ..., 0., 0., 0.],
             ...,
             [0., 0., 0., ..., 0., 0., 0.],
             [0., 0., 0., ..., 0., 0., 0.],
             [0., 0., 0., ..., 0., 0., 0.]], dtype=float32), nodes=DeviceArray([[-1.9048333 , -3.9048333 ],
             [ 1.4108815 , -0.5891185 ],
             [ 1.2528739 , -0.7471261 ],
             [ 0.05610514, -1.9438949 ],
             [-1.3130879 , -3.313088  ],
             [ 1.2107463 , -0.7892537 ],
             [ 0.04985237, -1.9501476 ],
             [-0.6064625 , -2.6064625 ],
             [ 0.0210762 , -1.9789238 ],
             [-0.6517916 , -2.6517916 ],
             [-1.5652704 , -3.5652704 ],
             [-1.5791745 , -3.5791745 ],
             [ 1.3530946 , -0.6469054 ],
             [ 1.159461  , -0.840539  ],
             [-0.63760614, -2.6376061 ],
             [ 1.3397093 , -0.6602907 ],
             [-1.0169749 , -3.016975  ],
             [-1.144505  , -3.144505  ],
             [-1.9030709 , -3.903071  ],
             [ 0.24696922, -1.7530308 ],
             [-0.87732935, -2.8773293 ],
             [ 1.7746582 , -0.2253418 ],
             [ 0.44859982, -1.5514002 ],
             [ 0.9533553 , -1.0466447 ],
             [ 0.09679222, -1.9032078 ],
             [ 0.61866903, -1.381331  ],
             [-0.35948944, -2.3594894 ],
             [-1.0388541 , -3.0388541 ],
             [ 0.97772264, -1.0222774 ],
             [-1.8582029 , -3.858203  ],
             [ 1.4040561 , -0.5959439 ],
             [-1.9026189 , -3.902619  ],
             [-0.11041069, -2.1104107 ],
             [ 0.90827227, -1.0917277 ],
             [-0.5977826 , -2.5977826 ],
             [ 0.50966835, -1.4903316 ],
             [ 0.4431014 , -1.5568986 ],
             [-1.7389708 , -3.7389708 ],
             [ 1.2367716 , -0.7632284 ],
             [-1.1476865 , -3.1476865 ],
             [ 0.5861292 , -1.4138708 ],
             [-0.70199394, -2.701994  ],
             [ 0.21555328, -1.7844467 ],
             [ 1.5399227 , -0.4600773 ],
             [ 1.8364844 , -0.16351557],
             [ 1.3542738 , -0.6457262 ],
             [-0.0432229 , -2.043223  ],
             [-1.5275769 , -3.527577  ],
             [-1.3226743 , -3.3226743 ],
             [ 1.346283  , -0.65371704],
             [ 0.35001993, -1.6499801 ],
             [ 0.74683475, -1.2531652 ],
             [ 1.8208895 , -0.17911053],
             [ 0.31909084, -1.6809092 ],
             [-0.8790307 , -2.8790307 ],
             [-0.6100335 , -2.6100335 ],
             [ 0.07988071, -1.9201193 ],
             [ 1.9247065 , -0.07529354],
             [ 0.25839233, -1.7416077 ],
             [-1.0214176 , -3.0214176 ],
             [ 0.748909  , -1.251091  ],
             [ 1.8466349 , -0.15336514],
             [-0.07981205, -2.079812  ],
             [ 1.5581245 , -0.44187546],
             [ 0.833282  , -1.166718  ],
             [ 1.7944479 , -0.2055521 ],
             [ 0.71059895, -1.289401  ],
             [-0.23472786, -2.2347279 ],
             [-0.52842665, -2.5284266 ],
             [ 1.8059506 , -0.19404936],
             [-0.76363134, -2.7636313 ],
             [ 0.83632183, -1.1636782 ],
             [ 1.4999704 , -0.50002956],
             [ 0.43893147, -1.5610685 ],
             [ 0.43007421, -1.5699258 ],
             [-1.0941067 , -3.0941067 ],
             [ 0.1454072 , -1.8545928 ],
             [ 1.847825  , -0.15217495],
             [-1.673667  , -3.673667  ],
             [ 0.10675478, -1.8932452 ],
             [ 1.4369035 , -0.5630965 ],
             [ 0.5930481 , -1.4069519 ],
             [-0.13693285, -2.1369328 ],
             [-0.735065  , -2.735065  ],
             [-0.25969744, -2.2596974 ],
             [-0.06595373, -2.0659537 ],
             [-0.34856224, -2.3485622 ],
             [ 0.940053  , -1.059947  ],
             [-1.3892984 , -3.3892984 ],
             [ 0.68222857, -1.3177714 ],
             [-1.6616173 , -3.6616173 ],
             [-1.818903  , -3.818903  ],
             [-1.1568646 , -3.1568646 ],
             [-0.13823843, -2.1382384 ],
             [ 0.94556236, -1.0544376 ],
             [-1.0701656 , -3.0701656 ],
             [-1.1152325 , -3.1152325 ],
             [ 1.9637175 , -0.03628254],
             [ 1.5146999 , -0.48530006],
             [-0.35883474, -2.3588347 ]], dtype=float32), alpha=DeviceArray([[4.1047583],
             [4.270544 ],
             [4.262644 ],
             [4.2028055],
             [4.1343455],
             [4.2605376],
             [4.2024927],
             [4.169677 ],
             [4.2010536],
             [4.1674104],
             [4.1217365],
             [4.1210413],
             [4.267655 ],
             [4.257973 ],
             [4.16812  ],
             [4.2669854],
             [4.1491513],
             [4.1427746],
             [4.1048465],
             [4.2123485],
             [4.1561337],
             [4.288733 ],
             [4.22243  ],
             [4.247668 ],
             [4.2048397],
             [4.2309337],
             [4.1820254],
             [4.1480575],
             [4.248886 ],
             [4.10709  ],
             [4.270203 ],
             [4.104869 ],
             [4.1944795],
             [4.245414 ],
             [4.1701107],
             [4.2254834],
             [4.222155 ],
             [4.1130514],
             [4.261839 ],
             [4.142616 ],
             [4.2293067],
             [4.1649003],
             [4.2107778],
             [4.276996 ],
             [4.2918243],
             [4.267714 ],
             [4.197839 ],
             [4.123621 ],
             [4.1338663],
             [4.2673144],
             [4.217501 ],
             [4.237342 ],
             [4.2910447],
             [4.215955 ],
             [4.1560483],
             [4.1694984],
             [4.2039943],
             [4.2962356],
             [4.2129197],
             [4.148929 ],
             [4.2374454],
             [4.2923317],
             [4.1960096],
             [4.2779064],
             [4.2416644],
             [4.2897224],
             [4.23553  ],
             [4.1882634],
             [4.1735787],
             [4.2902975],
             [4.1618185],
             [4.241816 ],
             [4.2749987],
             [4.2219467],
             [4.2215037],
             [4.1452947],
             [4.2072706],
             [4.2923913],
             [4.116317 ],
             [4.205338 ],
             [4.2718453],
             [4.2296524],
             [4.1931534],
             [4.1632466],
             [4.187015 ],
             [4.1967025],
             [4.182572 ],
             [4.2470026],
             [4.130535 ],
             [4.2341113],
             [4.116919 ],
             [4.1090546],
             [4.1421566],
             [4.193088 ],
             [4.247278 ],
             [4.1464915],
             [4.1442385],
             [4.2981863],
             [4.2757354],
             [4.1820583]], dtype=float32), sigma=0.001, beta=0.001, t=0, nodes_x=DeviceArray([[-1.9048333 ],
             [ 1.4108815 ],
             [ 1.2528739 ],
             [ 0.05610514],
             [-1.3130879 ],
             [ 1.2107463 ],
             [ 0.04985237],
             [-0.6064625 ],
             [ 0.0210762 ],
             [-0.6517916 ],
             [-1.5652704 ],
             [-1.5791745 ],
             [ 1.3530946 ],
             [ 1.159461  ],
             [-0.63760614],
             [ 1.3397093 ],
             [-1.0169749 ],
             [-1.144505  ],
             [-1.9030709 ],
             [ 0.24696922],
             [-0.87732935],
             [ 1.7746582 ],
             [ 0.44859982],
             [ 0.9533553 ],
             [ 0.09679222],
             [ 0.61866903],
             [-0.35948944],
             [-1.0388541 ],
             [ 0.97772264],
             [-1.8582029 ],
             [ 1.4040561 ],
             [-1.9026189 ],
             [-0.11041069],
             [ 0.90827227],
             [-0.5977826 ],
             [ 0.50966835],
             [ 0.4431014 ],
             [-1.7389708 ],
             [ 1.2367716 ],
             [-1.1476865 ],
             [ 0.5861292 ],
             [-0.70199394],
             [ 0.21555328],
             [ 1.5399227 ],
             [ 1.8364844 ],
             [ 1.3542738 ],
             [-0.0432229 ],
             [-1.5275769 ],
             [-1.3226743 ],
             [ 1.346283  ],
             [ 0.35001993],
             [ 0.74683475],
             [ 1.8208895 ],
             [ 0.31909084],
             [-0.8790307 ],
             [-0.6100335 ],
             [ 0.07988071],
             [ 1.9247065 ],
             [ 0.25839233],
             [-1.0214176 ],
             [ 0.748909  ],
             [ 1.8466349 ],
             [-0.07981205],
             [ 1.5581245 ],
             [ 0.833282  ],
             [ 1.7944479 ],
             [ 0.71059895],
             [-0.23472786],
             [-0.52842665],
             [ 1.8059506 ],
             [-0.76363134],
             [ 0.83632183],
             [ 1.4999704 ],
             [ 0.43893147],
             [ 0.43007421],
             [-1.0941067 ],
             [ 0.1454072 ],
             [ 1.847825  ],
             [-1.673667  ],
             [ 0.10675478],
             [ 1.4369035 ],
             [ 0.5930481 ],
             [-0.13693285],
             [-0.735065  ],
             [-0.25969744],
             [-0.06595373],
             [-0.34856224],
             [ 0.940053  ],
             [-1.3892984 ],
             [ 0.68222857],
             [-1.6616173 ],
             [-1.818903  ],
             [-1.1568646 ],
             [-0.13823843],
             [ 0.94556236],
             [-1.0701656 ],
             [-1.1152325 ],
             [ 1.9637175 ],
             [ 1.5146999 ],
             [-0.35883474]], dtype=float32), nodes_y=DeviceArray([[-3.9048333 ],
             [-0.5891185 ],
             [-0.7471261 ],
             [-1.9438949 ],
             [-3.313088  ],
             [-0.7892537 ],
             [-1.9501476 ],
             [-2.6064625 ],
             [-1.9789238 ],
             [-2.6517916 ],
             [-3.5652704 ],
             [-3.5791745 ],
             [-0.6469054 ],
             [-0.840539  ],
             [-2.6376061 ],
             [-0.6602907 ],
             [-3.016975  ],
             [-3.144505  ],
             [-3.903071  ],
             [-1.7530308 ],
             [-2.8773293 ],
             [-0.2253418 ],
             [-1.5514002 ],
             [-1.0466447 ],
             [-1.9032078 ],
             [-1.381331  ],
             [-2.3594894 ],
             [-3.0388541 ],
             [-1.0222774 ],
             [-3.858203  ],
             [-0.5959439 ],
             [-3.902619  ],
             [-2.1104107 ],
             [-1.0917277 ],
             [-2.5977826 ],
             [-1.4903316 ],
             [-1.5568986 ],
             [-3.7389708 ],
             [-0.7632284 ],
             [-3.1476865 ],
             [-1.4138708 ],
             [-2.701994  ],
             [-1.7844467 ],
             [-0.4600773 ],
             [-0.16351557],
             [-0.6457262 ],
             [-2.043223  ],
             [-3.527577  ],
             [-3.3226743 ],
             [-0.65371704],
             [-1.6499801 ],
             [-1.2531652 ],
             [-0.17911053],
             [-1.6809092 ],
             [-2.8790307 ],
             [-2.6100335 ],
             [-1.9201193 ],
             [-0.07529354],
             [-1.7416077 ],
             [-3.0214176 ],
             [-1.251091  ],
             [-0.15336514],
             [-2.079812  ],
             [-0.44187546],
             [-1.166718  ],
             [-0.2055521 ],
             [-1.289401  ],
             [-2.2347279 ],
             [-2.5284266 ],
             [-0.19404936],
             [-2.7636313 ],
             [-1.1636782 ],
             [-0.50002956],
             [-1.5610685 ],
             [-1.5699258 ],
             [-3.0941067 ],
             [-1.8545928 ],
             [-0.15217495],
             [-3.673667  ],
             [-1.8932452 ],
             [-0.5630965 ],
             [-1.4069519 ],
             [-2.1369328 ],
             [-2.735065  ],
             [-2.2596974 ],
             [-2.0659537 ],
             [-2.3485622 ],
             [-1.059947  ],
             [-3.3892984 ],
             [-1.3177714 ],
             [-3.6616173 ],
             [-3.818903  ],
             [-3.1568646 ],
             [-2.1382384 ],
             [-1.0544376 ],
             [-3.0701656 ],
             [-3.1152325 ],
             [-0.03628254],
             [-0.48530006],
             [-2.3588347 ]], dtype=float32), w_max=0.2, w_0=0.0), 'transient': 10000.0, 'T': 1500000.0}
2022-08-23 21:42:34,640 - ------------------------------
2022-08-23 21:42:34,640 - Simulation started.
2022-08-23 21:42:55,751 - 		 100 iterations, 0:00:21.111035 elapsed.
2022-08-23 21:42:55,751 - 		 Approximately 3 days, 15:57:24.413965 remaining.
2022-08-23 21:43:00,704 - 		 200 iterations, 0:00:26.064634 elapsed.
2022-08-23 21:43:00,704 - 		 Approximately 2 days, 6:17:38.690366 remaining.
2022-08-23 21:43:04,796 - 		 300 iterations, 0:00:30.156605 elapsed.
2022-08-23 21:43:04,796 - 		 Approximately 1 day, 17:52:32.868395 remaining.
2022-08-23 21:43:10,645 - 		 400 iterations, 0:00:36.005195 elapsed.
2022-08-23 21:43:10,645 - 		 Approximately 1 day, 13:29:43.476055 remaining.
2022-08-23 21:43:15,755 - 		 500 iterations, 0:00:41.115074 elapsed.
2022-08-23 21:43:15,755 - 		 Approximately 1 day, 10:15:04.106926 remaining.
2022-08-23 21:43:21,848 - 		 600 iterations, 0:00:47.208274 elapsed.
2022-08-23 21:43:21,848 - 		 Approximately 1 day, 8:46:13.476726 remaining.
2022-08-23 21:43:26,513 - 		 700 iterations, 0:00:51.873450 elapsed.
2022-08-23 21:43:26,513 - 		 Approximately 1 day, 6:51:45.519407 remaining.
2022-08-23 21:43:32,650 - 		 800 iterations, 0:00:58.010589 elapsed.
2022-08-23 21:43:32,650 - 		 Approximately 1 day, 6:11:51.843786 remaining.
2022-08-23 21:43:37,377 - 		 900 iterations, 0:01:02.737709 elapsed.
2022-08-23 21:43:37,377 - 		 Approximately 1 day, 5:01:40.110624 remaining.
2022-08-23 21:43:39,926 - 		 1000 iterations, 0:01:05.286458 elapsed.
2022-08-23 21:43:39,926 - 		 Approximately 1 day, 3:11:04.400542 remaining.
2022-08-23 21:43:43,065 - 		 1100 iterations, 0:01:08.425019 elapsed.
2022-08-23 21:43:43,065 - 		 Approximately 1 day, 1:53:58.419072 remaining.
2022-08-23 21:43:46,210 - 		 1200 iterations, 0:01:11.570288 elapsed.
2022-08-23 21:43:46,210 - 		 Approximately 1 day, 0:49:51.289712 remaining.
2022-08-23 21:43:50,751 - 		 1300 iterations, 0:01:16.111112 elapsed.
2022-08-23 21:43:50,751 - 		 Approximately 1 day, 0:22:24.402734 remaining.
2022-08-23 21:43:54,004 - 		 1400 iterations, 0:01:19.364122 elapsed.
2022-08-23 21:43:54,004 - 		 Approximately 23:35:53.623735 remaining.
2022-08-23 21:43:57,947 - 		 1500 iterations, 0:01:23.307307 elapsed.
2022-08-23 21:43:57,947 - 		 Approximately 23:07:03.999693 remaining.
2022-08-23 21:44:00,615 - 		 1600 iterations, 0:01:25.975160 elapsed.
2022-08-23 21:44:00,615 - 		 Approximately 22:21:55.737340 remaining.
2022-08-23 21:44:05,216 - 		 1700 iterations, 0:01:30.576847 elapsed.
2022-08-23 21:44:05,217 - 		 Approximately 22:10:30.170506 remaining.
2022-08-23 21:44:08,708 - 		 1800 iterations, 0:01:34.068224 elapsed.
2022-08-23 21:44:08,708 - 		 Approximately 21:44:56.118443 remaining.
2022-08-23 21:44:11,979 - 		 1900 iterations, 0:01:37.339657 elapsed.
2022-08-23 21:44:11,979 - 		 Approximately 21:19:09.757975 remaining.
2022-08-23 21:44:14,699 - 		 2000 iterations, 0:01:40.059915 elapsed.
2022-08-23 21:44:14,700 - 		 Approximately 20:49:04.876335 remaining.
2022-08-23 21:44:17,076 - 		 2100 iterations, 0:01:42.436006 elapsed.
2022-08-23 21:44:17,076 - 		 Approximately 20:17:46.139708 remaining.
2022-08-23 21:44:19,578 - 		 2200 iterations, 0:01:44.938000 elapsed.
2022-08-23 21:44:19,578 - 		 Approximately 19:50:43.698364 remaining.
2022-08-23 21:44:21,847 - 		 2300 iterations, 0:01:47.207886 elapsed.
2022-08-23 21:44:21,848 - 		 Approximately 19:23:30.978636 remaining.
2022-08-23 21:44:24,195 - 		 2400 iterations, 0:01:49.555866 elapsed.
2022-08-23 21:44:24,196 - 		 Approximately 18:59:22.860384 remaining.
2022-08-23 21:44:26,197 - 		 2500 iterations, 0:01:51.557007 elapsed.
2022-08-23 21:44:26,197 - 		 Approximately 18:33:42.647193 remaining.
2022-08-23 21:44:27,765 - 		 2600 iterations, 0:01:53.125226 elapsed.
2022-08-23 21:44:27,765 - 		 Approximately 18:05:51.428236 remaining.
2022-08-23 21:44:29,820 - 		 2700 iterations, 0:01:55.180260 elapsed.
2022-08-23 21:44:29,820 - 		 Approximately 17:44:33.853073 remaining.
2022-08-23 21:44:31,797 - 		 2800 iterations, 0:01:57.157925 elapsed.
2022-08-23 21:44:31,798 - 		 Approximately 17:24:06.016182 remaining.
2022-08-23 21:44:33,303 - 		 2900 iterations, 0:01:58.663687 elapsed.
2022-08-23 21:44:33,303 - 		 Approximately 17:00:59.105451 remaining.
2022-08-23 21:44:34,935 - 		 3000 iterations, 0:02:00.295254 elapsed.
2022-08-23 21:44:34,935 - 		 Approximately 16:40:27.331746 remaining.
2022-08-23 21:44:36,467 - 		 3100 iterations, 0:02:01.827017 elapsed.
2022-08-23 21:44:36,467 - 		 Approximately 16:20:26.729596 remaining.
2022-08-23 21:44:38,220 - 		 3200 iterations, 0:02:03.580552 elapsed.
2022-08-23 21:44:38,220 - 		 Approximately 16:03:24.803198 remaining.
2022-08-23 21:44:40,618 - 		 3300 iterations, 0:02:05.978935 elapsed.
2022-08-23 21:44:40,619 - 		 Approximately 15:52:17.173338 remaining.
2022-08-23 21:44:42,136 - 		 3400 iterations, 0:02:07.496125 elapsed.
2022-08-23 21:44:42,136 - 		 Approximately 15:35:20.794316 remaining.
2022-08-23 21:44:44,087 - 		 3500 iterations, 0:02:09.447197 elapsed.
2022-08-23 21:44:44,087 - 		 Approximately 15:22:27.922946 remaining.
2022-08-23 21:44:46,755 - 		 3600 iterations, 0:02:12.115634 elapsed.
2022-08-23 21:44:46,755 - 		 Approximately 15:15:16.065199 remaining.
2022-08-23 21:44:48,343 - 		 3700 iterations, 0:02:13.703310 elapsed.
2022-08-23 21:44:48,343 - 		 Approximately 15:01:10.341285 remaining.
2022-08-23 21:44:49,886 - 		 3800 iterations, 0:02:15.246487 elapsed.
2022-08-23 21:44:49,886 - 		 Approximately 14:47:31.524697 remaining.
2022-08-23 21:44:51,693 - 		 3900 iterations, 0:02:17.053154 elapsed.
2022-08-23 21:44:51,693 - 		 Approximately 14:36:15.698384 remaining.
2022-08-23 21:44:53,341 - 		 4000 iterations, 0:02:18.701531 elapsed.
2022-08-23 21:44:53,341 - 		 Approximately 14:24:34.372594 remaining.
2022-08-23 21:44:55,701 - 		 4100 iterations, 0:02:21.060976 elapsed.
2022-08-23 21:44:55,701 - 		 Approximately 14:17:46.613170 remaining.
2022-08-23 21:44:57,191 - 		 4200 iterations, 0:02:22.551825 elapsed.
2022-08-23 21:44:57,191 - 		 Approximately 14:06:08.814246 remaining.
2022-08-23 21:44:58,673 - 		 4300 iterations, 0:02:24.032983 elapsed.
2022-08-23 21:44:58,673 - 		 Approximately 13:55:00.030854 remaining.
2022-08-23 21:45:00,878 - 		 4400 iterations, 0:02:26.238399 elapsed.
2022-08-23 21:45:00,878 - 		 Approximately 13:48:27.761260 remaining.
2022-08-23 21:45:02,335 - 		 4500 iterations, 0:02:27.695864 elapsed.
2022-08-23 21:45:02,336 - 		 Approximately 13:38:04.258803 remaining.
2022-08-23 21:45:03,726 - 		 4600 iterations, 0:02:29.086771 elapsed.
2022-08-23 21:45:03,726 - 		 Approximately 13:27:46.164642 remaining.
2022-08-23 21:45:05,658 - 		 4700 iterations, 0:02:31.018134 elapsed.
2022-08-23 21:45:05,658 - 		 Approximately 13:20:46.258675 remaining.
2022-08-23 21:45:07,088 - 		 4800 iterations, 0:02:32.448192 elapsed.
2022-08-23 21:45:07,088 - 		 Approximately 13:11:27.611808 remaining.
2022-08-23 21:45:08,480 - 		 4900 iterations, 0:02:33.840476 elapsed.
2022-08-23 21:45:08,480 - 		 Approximately 13:02:20.182789 remaining.
2022-08-23 21:45:09,818 - 		 5000 iterations, 0:02:35.177962 elapsed.
2022-08-23 21:45:09,818 - 		 Approximately 12:53:18.210638 remaining.
2022-08-23 21:45:11,477 - 		 5100 iterations, 0:02:36.837424 elapsed.
2022-08-23 21:45:11,477 - 		 Approximately 12:46:11.816694 remaining.
2022-08-23 21:45:12,807 - 		 5200 iterations, 0:02:38.167813 elapsed.
2022-08-23 21:45:12,807 - 		 Approximately 12:37:47.162860 remaining.
2022-08-23 21:45:14,145 - 		 5300 iterations, 0:02:39.505146 elapsed.
2022-08-23 21:45:14,145 - 		 Approximately 12:29:43.460703 remaining.
2022-08-23 21:45:15,465 - 		 5400 iterations, 0:02:40.825318 elapsed.
2022-08-23 21:45:15,465 - 		 Approximately 12:21:52.874126 remaining.
2022-08-23 21:45:16,933 - 		 5500 iterations, 0:02:42.293724 elapsed.
2022-08-23 21:45:16,933 - 		 Approximately 12:14:59.631003 remaining.
2022-08-23 21:45:18,528 - 		 5600 iterations, 0:02:43.888907 elapsed.
2022-08-23 21:45:18,529 - 		 Approximately 12:08:54.925468 remaining.
2022-08-23 21:45:20,008 - 		 5700 iterations, 0:02:45.368504 elapsed.
2022-08-23 21:45:20,008 - 		 Approximately 12:02:32.658864 remaining.
2022-08-23 21:45:21,400 - 		 5800 iterations, 0:02:46.760069 elapsed.
2022-08-23 21:45:21,400 - 		 Approximately 11:56:00.843983 remaining.
2022-08-23 21:45:22,864 - 		 5900 iterations, 0:02:48.224099 elapsed.
2022-08-23 21:45:22,864 - 		 Approximately 11:50:00.614630 remaining.
2022-08-23 21:45:24,215 - 		 6000 iterations, 0:02:49.575741 elapsed.
2022-08-23 21:45:24,215 - 		 Approximately 11:43:44.359509 remaining.
2022-08-23 21:45:25,577 - 		 6100 iterations, 0:02:50.937005 elapsed.
2022-08-23 21:45:25,577 - 		 Approximately 11:37:42.752749 remaining.
2022-08-23 21:45:27,253 - 		 6200 iterations, 0:02:52.613510 elapsed.
2022-08-23 21:45:27,253 - 		 Approximately 11:33:08.719555 remaining.
2022-08-23 21:45:28,654 - 		 6300 iterations, 0:02:54.014202 elapsed.
2022-08-23 21:45:28,654 - 		 Approximately 11:27:37.938655 remaining.
2022-08-23 21:45:30,460 - 		 6400 iterations, 0:02:55.820712 elapsed.
2022-08-23 21:45:30,460 - 		 Approximately 11:23:52.158663 remaining.
2022-08-23 21:45:31,900 - 		 6500 iterations, 0:02:57.260725 elapsed.
2022-08-23 21:45:31,900 - 		 Approximately 11:18:49.060429 remaining.
2022-08-23 21:45:33,283 - 		 6600 iterations, 0:02:58.643022 elapsed.
2022-08-23 21:45:33,283 - 		 Approximately 11:13:42.043796 remaining.
2022-08-23 21:45:34,730 - 		 6700 iterations, 0:03:00.090843 elapsed.
2022-08-23 21:45:34,730 - 		 Approximately 11:08:58.754605 remaining.
2022-08-23 21:45:36,118 - 		 6800 iterations, 0:03:01.478223 elapsed.
2022-08-23 21:45:36,118 - 		 Approximately 11:04:10.482733 remaining.
2022-08-23 21:45:37,481 - 		 6900 iterations, 0:03:02.840988 elapsed.
2022-08-23 21:45:37,481 - 		 Approximately 10:59:25.199882 remaining.
2022-08-23 21:45:38,905 - 		 7000 iterations, 0:03:04.265240 elapsed.
2022-08-23 21:45:38,905 - 		 Approximately 10:55:01.143331 remaining.
2022-08-23 21:45:40,293 - 		 7100 iterations, 0:03:05.653374 elapsed.
2022-08-23 21:45:40,293 - 		 Approximately 10:50:36.890429 remaining.
2022-08-23 21:45:42,182 - 		 7200 iterations, 0:03:07.542618 elapsed.
2022-08-23 21:45:42,182 - 		 Approximately 10:48:03.836132 remaining.
2022-08-23 21:45:43,949 - 		 7300 iterations, 0:03:09.309132 elapsed.
2022-08-23 21:45:43,949 - 		 Approximately 10:45:09.827580 remaining.
2022-08-23 21:45:45,774 - 		 7400 iterations, 0:03:11.134250 elapsed.
2022-08-23 21:45:45,774 - 		 Approximately 10:42:32.294804 remaining.
2022-08-23 21:45:47,178 - 		 7500 iterations, 0:03:12.538447 elapsed.
2022-08-23 21:45:47,178 - 		 Approximately 10:38:35.150953 remaining.
2022-08-23 21:45:48,770 - 		 7600 iterations, 0:03:14.130621 elapsed.
2022-08-23 21:45:48,770 - 		 Approximately 10:35:21.123524 remaining.
2022-08-23 21:45:50,161 - 		 7700 iterations, 0:03:15.521938 elapsed.
2022-08-23 21:45:50,162 - 		 Approximately 10:31:33.167283 remaining.
2022-08-23 21:45:51,760 - 		 7800 iterations, 0:03:17.120389 elapsed.
2022-08-23 21:45:51,760 - 		 Approximately 10:28:30.646726 remaining.
2022-08-23 21:45:53,269 - 		 7900 iterations, 0:03:18.629682 elapsed.
2022-08-23 21:45:53,269 - 		 Approximately 10:25:15.866900 remaining.
2022-08-23 21:45:54,662 - 		 8000 iterations, 0:03:20.022204 elapsed.
2022-08-23 21:45:54,662 - 		 Approximately 10:21:44.141046 remaining.
2022-08-23 21:45:56,080 - 		 8100 iterations, 0:03:21.440276 elapsed.
2022-08-23 21:45:56,080 - 		 Approximately 10:18:22.314539 remaining.
2022-08-23 21:45:57,536 - 		 8200 iterations, 0:03:22.896382 elapsed.
2022-08-23 21:45:57,536 - 		 Approximately 10:15:12.295447 remaining.
2022-08-23 21:45:59,059 - 		 8300 iterations, 0:03:24.419829 elapsed.
2022-08-23 21:45:59,059 - 		 Approximately 10:12:18.922761 remaining.
2022-08-23 21:46:00,465 - 		 8400 iterations, 0:03:25.825554 elapsed.
2022-08-23 21:46:00,465 - 		 Approximately 10:09:08.737660 remaining.
2022-08-23 21:46:01,829 - 		 8500 iterations, 0:03:27.189878 elapsed.
2022-08-23 21:46:01,830 - 		 Approximately 10:05:55.729769 remaining.
2022-08-23 21:46:03,434 - 		 8600 iterations, 0:03:28.794944 elapsed.
2022-08-23 21:46:03,435 - 		 Approximately 10:03:28.927847 remaining.
2022-08-23 21:46:04,966 - 		 8700 iterations, 0:03:30.326006 elapsed.
2022-08-23 21:46:04,966 - 		 Approximately 10:00:52.778477 remaining.
2022-08-23 21:46:06,428 - 		 8800 iterations, 0:03:31.788283 elapsed.
2022-08-23 21:46:06,428 - 		 Approximately 9:58:08.487228 remaining.
2022-08-23 21:46:07,861 - 		 8900 iterations, 0:03:33.221346 elapsed.
2022-08-23 21:46:07,861 - 		 Approximately 9:55:22.960564 remaining.
2022-08-23 21:46:09,297 - 		 9000 iterations, 0:03:34.657828 elapsed.
2022-08-23 21:46:09,297 - 		 Approximately 9:52:41.646839 remaining.
2022-08-23 21:46:10,743 - 		 9100 iterations, 0:03:36.103380 elapsed.
2022-08-23 21:46:10,743 - 		 Approximately 9:50:05.332884 remaining.
2022-08-23 21:46:12,367 - 		 9200 iterations, 0:03:37.727642 elapsed.
2022-08-23 21:46:12,367 - 		 Approximately 9:48:01.344423 remaining.
2022-08-23 21:46:14,009 - 		 9300 iterations, 0:03:39.369051 elapsed.
2022-08-23 21:46:14,009 - 		 Approximately 9:46:02.735949 remaining.
2022-08-23 21:46:15,538 - 		 9400 iterations, 0:03:40.898471 elapsed.
2022-08-23 21:46:15,538 - 		 Approximately 9:43:48.857540 remaining.
2022-08-23 21:46:16,943 - 		 9500 iterations, 0:03:42.303904 elapsed.
2022-08-23 21:46:16,944 - 		 Approximately 9:41:18.312517 remaining.
2022-08-23 21:46:18,711 - 		 9600 iterations, 0:03:44.071083 elapsed.
2022-08-23 21:46:18,711 - 		 Approximately 9:39:47.035636 remaining.
2022-08-23 21:46:20,334 - 		 9700 iterations, 0:03:45.694186 elapsed.
2022-08-23 21:46:20,334 - 		 Approximately 9:37:55.468598 remaining.
2022-08-23 21:46:21,861 - 		 9800 iterations, 0:03:47.221164 elapsed.
2022-08-23 21:46:21,861 - 		 Approximately 9:35:51.528428 remaining.
2022-08-23 21:46:23,411 - 		 9900 iterations, 0:03:48.771721 elapsed.
2022-08-23 21:46:23,411 - 		 Approximately 9:33:53.610249 remaining.
2022-08-23 21:46:24,894 - 		 10000 iterations, 0:03:50.254375 elapsed.
2022-08-23 21:46:24,894 - 		 Approximately 9:31:47.901875 remaining.
2022-08-23 21:46:24,894 - End of transient period.
2022-08-23 21:46:24,894 - Beginning of initial state.
2022-08-23 21:46:33,206 - 		 10100 iterations, 0:03:58.566280 elapsed.
2022-08-23 21:46:33,206 - 		 Approximately 9:46:32.069364 remaining.
2022-08-23 21:46:37,022 - 		 10200 iterations, 0:04:02.382724 elapsed.
2022-08-23 21:46:37,022 - 		 Approximately 9:50:02.135511 remaining.
2022-08-23 21:46:40,363 - 		 10300 iterations, 0:04:05.723924 elapsed.
2022-08-23 21:46:40,364 - 		 Approximately 9:52:19.313552 remaining.
2022-08-23 21:46:42,871 - 		 10400 iterations, 0:04:08.231590 elapsed.
2022-08-23 21:46:42,871 - 		 Approximately 9:52:34.401583 remaining.
2022-08-23 21:46:45,267 - 		 10500 iterations, 0:04:10.626989 elapsed.
2022-08-23 21:46:45,267 - 		 Approximately 9:52:33.228582 remaining.
2022-08-23 21:46:47,677 - 		 10600 iterations, 0:04:13.037576 elapsed.
2022-08-23 21:46:47,677 - 		 Approximately 9:52:34.166575 remaining.
2022-08-23 21:46:49,795 - 		 10700 iterations, 0:04:15.155036 elapsed.
2022-08-23 21:46:49,795 - 		 Approximately 9:51:54.242534 remaining.
2022-08-23 21:46:53,032 - 		 10800 iterations, 0:04:18.392809 elapsed.
2022-08-23 21:46:53,032 - 		 Approximately 9:53:49.497330 remaining.
2022-08-23 21:46:56,453 - 		 10900 iterations, 0:04:21.812982 elapsed.
2022-08-23 21:46:56,453 - 		 Approximately 9:56:07.496468 remaining.
2022-08-23 21:46:58,769 - 		 11000 iterations, 0:04:24.129102 elapsed.
2022-08-23 21:46:58,769 - 		 Approximately 9:55:53.475716 remaining.
2022-08-23 21:47:00,687 - 		 11100 iterations, 0:04:26.046987 elapsed.
2022-08-23 21:47:00,687 - 		 Approximately 9:54:46.248554 remaining.
2022-08-23 21:47:02,503 - 		 11200 iterations, 0:04:27.863634 elapsed.
2022-08-23 21:47:02,503 - 		 Approximately 9:53:26.730205 remaining.
2022-08-23 21:47:04,390 - 		 11300 iterations, 0:04:29.750096 elapsed.
2022-08-23 21:47:04,390 - 		 Approximately 9:52:17.784771 remaining.
2022-08-23 21:47:07,181 - 		 11400 iterations, 0:04:32.541689 elapsed.
2022-08-23 21:47:07,181 - 		 Approximately 9:53:08.206864 remaining.
2022-08-23 21:47:09,532 - 		 11500 iterations, 0:04:34.892277 elapsed.
2022-08-23 21:47:09,532 - 		 Approximately 9:53:00.622114 remaining.
2022-08-23 21:47:12,130 - 		 11600 iterations, 0:04:37.490218 elapsed.
2022-08-23 21:47:12,130 - 		 Approximately 9:53:24.865558 remaining.
2022-08-23 21:47:14,010 - 		 11700 iterations, 0:04:39.370684 elapsed.
2022-08-23 21:47:14,010 - 		 Approximately 9:52:17.383675 remaining.
2022-08-23 21:47:16,064 - 		 11800 iterations, 0:04:41.424114 elapsed.
2022-08-23 21:47:16,064 - 		 Approximately 9:51:32.827666 remaining.
2022-08-23 21:47:18,172 - 		 11900 iterations, 0:04:43.531980 elapsed.
2022-08-23 21:47:18,172 - 		 Approximately 9:50:55.793230 remaining.
2022-08-23 21:47:20,267 - 		 12000 iterations, 0:04:45.627424 elapsed.
2022-08-23 21:47:20,267 - 		 Approximately 9:50:17.800576 remaining.
2022-08-23 21:47:23,159 - 		 12100 iterations, 0:04:48.519208 elapsed.
2022-08-23 21:47:23,159 - 		 Approximately 9:51:18.324759 remaining.
2022-08-23 21:47:24,964 - 		 12200 iterations, 0:04:50.324391 elapsed.
2022-08-23 21:47:24,964 - 		 Approximately 9:50:05.297453 remaining.
2022-08-23 21:47:26,890 - 		 12300 iterations, 0:04:52.250691 elapsed.
2022-08-23 21:47:26,890 - 		 Approximately 9:49:08.077480 remaining.
2022-08-23 21:47:28,664 - 		 12400 iterations, 0:04:54.024312 elapsed.
2022-08-23 21:47:28,664 - 		 Approximately 9:47:53.432785 remaining.
2022-08-23 21:47:31,117 - 		 12500 iterations, 0:04:56.477020 elapsed.
2022-08-23 21:47:31,117 - 		 Approximately 9:48:00.765380 remaining.
2022-08-23 21:47:33,043 - 		 12600 iterations, 0:04:58.403839 elapsed.
2022-08-23 21:47:33,043 - 		 Approximately 9:47:05.862709 remaining.
2022-08-23 21:47:35,011 - 		 12700 iterations, 0:05:00.370967 elapsed.
2022-08-23 21:47:35,011 - 		 Approximately 9:46:16.514899 remaining.
2022-08-23 21:47:37,711 - 		 12800 iterations, 0:05:03.071913 elapsed.
2022-08-23 21:47:37,712 - 		 Approximately 9:46:53.167892 remaining.
2022-08-23 21:47:39,521 - 		 12900 iterations, 0:05:04.881521 elapsed.
2022-08-23 21:47:39,521 - 		 Approximately 9:45:46.458130 remaining.
2022-08-23 21:47:41,338 - 		 13000 iterations, 0:05:06.698189 elapsed.
2022-08-23 21:47:41,338 - 		 Approximately 9:44:41.554388 remaining.
2022-08-23 21:47:43,180 - 		 13100 iterations, 0:05:08.540018 elapsed.
2022-08-23 21:47:43,180 - 		 Approximately 9:43:40.469677 remaining.
2022-08-23 21:47:45,392 - 		 13200 iterations, 0:05:10.752588 elapsed.
2022-08-23 21:47:45,392 - 		 Approximately 9:43:22.041503 remaining.
2022-08-23 21:47:47,618 - 		 13300 iterations, 0:05:12.978296 elapsed.
2022-08-23 21:47:47,618 - 		 Approximately 9:43:05.325764 remaining.
2022-08-23 21:47:49,838 - 		 13400 iterations, 0:05:15.198130 elapsed.
2022-08-23 21:47:49,838 - 		 Approximately 9:42:48.174631 remaining.
2022-08-23 21:47:51,685 - 		 13500 iterations, 0:05:17.045308 elapsed.
2022-08-23 21:47:51,685 - 		 Approximately 9:41:50.211136 remaining.
2022-08-23 21:47:53,794 - 		 13600 iterations, 0:05:19.154210 elapsed.
2022-08-23 21:47:53,794 - 		 Approximately 9:41:21.677775 remaining.
2022-08-23 21:47:55,544 - 		 13700 iterations, 0:05:20.904757 elapsed.
2022-08-23 21:47:55,544 - 		 Approximately 9:40:14.652579 remaining.
2022-08-23 21:47:57,405 - 		 13800 iterations, 0:05:22.765467 elapsed.
2022-08-23 21:47:57,405 - 		 Approximately 9:39:20.437468 remaining.
2022-08-23 21:47:59,206 - 		 13900 iterations, 0:05:24.566293 elapsed.
2022-08-23 21:47:59,206 - 		 Approximately 9:38:20.573239 remaining.
2022-08-23 21:48:00,988 - 		 14000 iterations, 0:05:26.348601 elapsed.
2022-08-23 21:48:00,988 - 		 Approximately 9:37:19.572935 remaining.
2022-08-23 21:48:02,790 - 		 14100 iterations, 0:05:28.150191 elapsed.
2022-08-23 21:48:02,790 - 		 Approximately 9:36:21.444596 remaining.
2022-08-23 21:48:05,144 - 		 14200 iterations, 0:05:30.504882 elapsed.
2022-08-23 21:48:05,145 - 		 Approximately 9:36:21.982653 remaining.
2022-08-23 21:48:07,088 - 		 14300 iterations, 0:05:32.448146 elapsed.
2022-08-23 21:48:07,088 - 		 Approximately 9:35:39.735001 remaining.
2022-08-23 21:48:09,057 - 		 14400 iterations, 0:05:34.417248 elapsed.
2022-08-23 21:48:09,057 - 		 Approximately 9:35:00.712752 remaining.
2022-08-23 21:48:11,045 - 		 14500 iterations, 0:05:36.405593 elapsed.
2022-08-23 21:48:11,045 - 		 Approximately 9:34:24.172993 remaining.
2022-08-23 21:48:13,002 - 		 14600 iterations, 0:05:38.362404 elapsed.
2022-08-23 21:48:13,002 - 		 Approximately 9:33:44.898281 remaining.
2022-08-23 21:48:14,830 - 		 14700 iterations, 0:05:40.190281 elapsed.
2022-08-23 21:48:14,830 - 		 Approximately 9:32:53.103699 remaining.
2022-08-23 21:48:16,689 - 		 14800 iterations, 0:05:42.049647 elapsed.
2022-08-23 21:48:16,689 - 		 Approximately 9:32:05.144306 remaining.
2022-08-23 21:48:18,557 - 		 14900 iterations, 0:05:43.917085 elapsed.
2022-08-23 21:48:18,557 - 		 Approximately 9:31:18.608251 remaining.
2022-08-23 21:48:20,455 - 		 15000 iterations, 0:05:45.815035 elapsed.
2022-08-23 21:48:20,455 - 		 Approximately 9:30:35.688465 remaining.
2022-08-23 21:48:22,425 - 		 15100 iterations, 0:05:47.784977 elapsed.
2022-08-23 21:48:22,425 - 		 Approximately 9:30:00.391546 remaining.
2022-08-23 21:48:25,081 - 		 15200 iterations, 0:05:50.441391 elapsed.
2022-08-23 21:48:25,081 - 		 Approximately 9:30:32.590616 remaining.
2022-08-23 21:48:27,395 - 		 15300 iterations, 0:05:52.755691 elapsed.
2022-08-23 21:48:27,395 - 		 Approximately 9:30:31.135584 remaining.
2022-08-23 21:48:29,168 - 		 15400 iterations, 0:05:54.528143 elapsed.
2022-08-23 21:48:29,168 - 		 Approximately 9:29:37.433838 remaining.
2022-08-23 21:48:31,043 - 		 15500 iterations, 0:05:56.403066 elapsed.
2022-08-23 21:48:31,043 - 		 Approximately 9:28:54.216224 remaining.
2022-08-23 21:48:33,152 - 		 15600 iterations, 0:05:58.512872 elapsed.
2022-08-23 21:48:33,153 - 		 Approximately 9:28:33.878666 remaining.
2022-08-23 21:48:35,045 - 		 15700 iterations, 0:06:00.405620 elapsed.
2022-08-23 21:48:35,045 - 		 Approximately 9:27:53.252342 remaining.
2022-08-23 21:48:36,848 - 		 15800 iterations, 0:06:02.208765 elapsed.
2022-08-23 21:48:36,848 - 		 Approximately 9:27:04.699305 remaining.
2022-08-23 21:48:38,808 - 		 15900 iterations, 0:06:04.168562 elapsed.
2022-08-23 21:48:38,808 - 		 Approximately 9:26:31.356155 remaining.
2022-08-23 21:48:40,644 - 		 16000 iterations, 0:06:06.004202 elapsed.
2022-08-23 21:48:40,644 - 		 Approximately 9:25:46.889736 remaining.
2022-08-23 21:48:42,861 - 		 16100 iterations, 0:06:08.221235 elapsed.
2022-08-23 21:48:42,861 - 		 Approximately 9:25:38.105007 remaining.
2022-08-23 21:48:44,891 - 		 16200 iterations, 0:06:10.251896 elapsed.
2022-08-23 21:48:44,892 - 		 Approximately 9:25:12.331067 remaining.
2022-08-23 21:48:47,051 - 		 16300 iterations, 0:06:12.411265 elapsed.
2022-08-23 21:48:47,051 - 		 Approximately 9:24:58.564042 remaining.
2022-08-23 21:48:49,528 - 		 16400 iterations, 0:06:14.888706 elapsed.
2022-08-23 21:48:49,528 - 		 Approximately 9:25:13.712453 remaining.
2022-08-23 21:48:51,357 - 		 16500 iterations, 0:06:16.716958 elapsed.
2022-08-23 21:48:51,357 - 		 Approximately 9:24:30.279224 remaining.
2022-08-23 21:48:53,259 - 		 16600 iterations, 0:06:18.619263 elapsed.
2022-08-23 21:48:53,259 - 		 Approximately 9:23:53.964743 remaining.
2022-08-23 21:48:55,140 - 		 16700 iterations, 0:06:20.500420 elapsed.
2022-08-23 21:48:55,140 - 		 Approximately 9:23:16.184011 remaining.
2022-08-23 21:48:56,898 - 		 16800 iterations, 0:06:22.258473 elapsed.
2022-08-23 21:48:56,898 - 		 Approximately 9:22:27.962331 remaining.
2022-08-23 21:48:58,808 - 		 16900 iterations, 0:06:24.168507 elapsed.
2022-08-23 21:48:58,808 - 		 Approximately 9:21:53.627972 remaining.
2022-08-23 21:49:00,706 - 		 17000 iterations, 0:06:26.065965 elapsed.
2022-08-23 21:49:00,706 - 		 Approximately 9:21:18.578006 remaining.
2022-08-23 21:49:02,557 - 		 17100 iterations, 0:06:27.917343 elapsed.
2022-08-23 21:49:02,557 - 		 Approximately 9:20:39.919762 remaining.
2022-08-23 21:49:04,431 - 		 17200 iterations, 0:06:29.791147 elapsed.
2022-08-23 21:49:04,431 - 		 Approximately 9:20:03.622836 remaining.
2022-08-23 21:49:06,284 - 		 17300 iterations, 0:06:31.644268 elapsed.
2022-08-23 21:49:06,284 - 		 Approximately 9:19:25.951223 remaining.
2022-08-23 21:49:08,196 - 		 17400 iterations, 0:06:33.556584 elapsed.
2022-08-23 21:49:08,196 - 		 Approximately 9:18:53.735140 remaining.
2022-08-23 21:49:11,048 - 		 17500 iterations, 0:06:36.408223 elapsed.
2022-08-23 21:49:11,048 - 		 Approximately 9:19:41.439463 remaining.
2022-08-23 21:49:12,910 - 		 17600 iterations, 0:06:38.270262 elapsed.
2022-08-23 21:49:12,910 - 		 Approximately 9:19:05.217977 remaining.
2022-08-23 21:49:14,900 - 		 17700 iterations, 0:06:40.260648 elapsed.
2022-08-23 21:49:14,900 - 		 Approximately 9:18:40.133250 remaining.
2022-08-23 21:49:17,643 - 		 17800 iterations, 0:06:43.002958 elapsed.
2022-08-23 21:49:17,643 - 		 Approximately 9:19:17.920469 remaining.
2022-08-23 21:49:19,540 - 		 17900 iterations, 0:06:44.900823 elapsed.
2022-08-23 21:49:19,540 - 		 Approximately 9:18:45.335741 remaining.
2022-08-23 21:49:21,353 - 		 18000 iterations, 0:06:46.713309 elapsed.
2022-08-23 21:49:21,353 - 		 Approximately 9:18:06.062441 remaining.
2022-08-23 21:49:23,351 - 		 18100 iterations, 0:06:48.711119 elapsed.
2022-08-23 21:49:23,351 - 		 Approximately 9:17:42.376091 remaining.
2022-08-23 21:49:25,630 - 		 18200 iterations, 0:06:50.990067 elapsed.
2022-08-23 21:49:25,630 - 		 Approximately 9:17:41.817653 remaining.
2022-08-23 21:49:27,510 - 		 18300 iterations, 0:06:52.870264 elapsed.
2022-08-23 21:49:27,510 - 		 Approximately 9:17:08.954654 remaining.
2022-08-23 21:49:29,592 - 		 18400 iterations, 0:06:54.952084 elapsed.
2022-08-23 21:49:29,592 - 		 Approximately 9:16:52.663459 remaining.
2022-08-23 21:49:31,414 - 		 18500 iterations, 0:06:56.774011 elapsed.
2022-08-23 21:49:31,414 - 		 Approximately 9:16:15.713367 remaining.
2022-08-23 21:49:33,264 - 		 18600 iterations, 0:06:58.624171 elapsed.
2022-08-23 21:49:33,264 - 		 Approximately 9:15:41.389619 remaining.
2022-08-23 21:49:35,042 - 		 18700 iterations, 0:07:00.402644 elapsed.
2022-08-23 21:49:35,042 - 		 Approximately 9:15:01.734575 remaining.
2022-08-23 21:49:37,013 - 		 18800 iterations, 0:07:02.372959 elapsed.
2022-08-23 21:49:37,013 - 		 Approximately 9:14:37.597174 remaining.
2022-08-23 21:49:38,871 - 		 18900 iterations, 0:07:04.230972 elapsed.
2022-08-23 21:49:38,871 - 		 Approximately 9:14:04.893790 remaining.
2022-08-23 21:49:40,718 - 		 19000 iterations, 0:07:06.078545 elapsed.
2022-08-23 21:49:40,718 - 		 Approximately 9:13:31.701323 remaining.
2022-08-23 21:49:42,689 - 		 19100 iterations, 0:07:08.049020 elapsed.
2022-08-23 21:49:42,689 - 		 Approximately 9:13:08.366163 remaining.
2022-08-23 21:49:44,746 - 		 19200 iterations, 0:07:10.106611 elapsed.
2022-08-23 21:49:44,746 - 		 Approximately 9:12:51.972373 remaining.
2022-08-23 21:49:46,603 - 		 19300 iterations, 0:07:11.963326 elapsed.
2022-08-23 21:49:46,603 - 		 Approximately 9:12:20.315897 remaining.
2022-08-23 21:49:48,887 - 		 19400 iterations, 0:07:14.247681 elapsed.
2022-08-23 21:49:48,887 - 		 Approximately 9:12:21.603943 remaining.
2022-08-23 21:49:50,748 - 		 19500 iterations, 0:07:16.108454 elapsed.
2022-08-23 21:49:50,748 - 		 Approximately 9:11:50.695700 remaining.
2022-08-23 21:49:52,622 - 		 19600 iterations, 0:07:17.982763 elapsed.
2022-08-23 21:49:52,622 - 		 Approximately 9:11:21.106242 remaining.
2022-08-23 21:49:54,747 - 		 19700 iterations, 0:07:20.107012 elapsed.
2022-08-23 21:49:54,747 - 		 Approximately 9:11:10.579181 remaining.
2022-08-23 21:49:56,554 - 		 19800 iterations, 0:07:21.914698 elapsed.
2022-08-23 21:49:56,554 - 		 Approximately 9:10:36.471514 remaining.
2022-08-23 21:49:58,388 - 		 19900 iterations, 0:07:23.748533 elapsed.
2022-08-23 21:49:58,388 - 		 Approximately 9:10:04.633351 remaining.
2022-08-23 21:50:00,391 - 		 20000 iterations, 0:07:25.751229 elapsed.
2022-08-23 21:50:00,391 - 		 Approximately 9:09:45.590946 remaining.
2022-08-23 21:50:01,249 - 		 Saved weights at t=20000.
2022-08-23 21:50:01,249 - 		 End of initial state.
2022-08-23 21:50:03,122 - 		 20100 iterations, 0:07:28.482222 elapsed.
2022-08-23 21:50:03,122 - 		 Approximately 9:10:20.340315 remaining.
2022-08-23 21:50:05,051 - 		 20200 iterations, 0:07:30.411445 elapsed.
2022-08-23 21:50:05,051 - 		 Approximately 9:09:55.982986 remaining.
2022-08-23 21:50:06,870 - 		 20300 iterations, 0:07:32.230043 elapsed.
2022-08-23 21:50:06,870 - 		 Approximately 9:09:23.782987 remaining.
2022-08-23 21:50:08,763 - 		 20400 iterations, 0:07:34.123575 elapsed.
2022-08-23 21:50:08,763 - 		 Approximately 9:08:57.315763 remaining.
2022-08-23 21:50:10,707 - 		 20500 iterations, 0:07:36.067081 elapsed.
2022-08-23 21:50:10,707 - 		 Approximately 9:08:34.694943 remaining.
2022-08-23 21:50:12,423 - 		 20600 iterations, 0:07:37.783729 elapsed.
2022-08-23 21:50:12,423 - 		 Approximately 9:07:55.982946 remaining.
2022-08-23 21:50:14,238 - 		 20700 iterations, 0:07:39.598542 elapsed.
2022-08-23 21:50:14,238 - 		 Approximately 9:07:24.643632 remaining.
2022-08-23 21:50:16,002 - 		 20800 iterations, 0:07:41.362490 elapsed.
2022-08-23 21:50:16,002 - 		 Approximately 9:06:49.970923 remaining.
2022-08-23 21:50:17,756 - 		 20900 iterations, 0:07:43.116866 elapsed.
2022-08-23 21:50:17,757 - 		 Approximately 9:06:14.935718 remaining.
2022-08-23 21:50:19,483 - 		 21000 iterations, 0:07:44.843660 elapsed.
2022-08-23 21:50:19,483 - 		 Approximately 9:05:38.274911 remaining.
2022-08-23 21:50:21,243 - 		 21100 iterations, 0:07:46.603160 elapsed.
2022-08-23 21:50:21,243 - 		 Approximately 9:05:04.237598 remaining.
2022-08-23 21:50:22,995 - 		 21200 iterations, 0:07:48.355491 elapsed.
2022-08-23 21:50:22,995 - 		 Approximately 9:04:30.004721 remaining.
2022-08-23 21:50:24,776 - 		 21300 iterations, 0:07:50.136186 elapsed.
2022-08-23 21:50:24,776 - 		 Approximately 9:03:58.045927 remaining.
2022-08-23 21:50:26,691 - 		 21400 iterations, 0:07:52.051215 elapsed.
2022-08-23 21:50:26,691 - 		 Approximately 9:03:35.650771 remaining.
2022-08-23 21:50:28,407 - 		 21500 iterations, 0:07:53.767373 elapsed.
2022-08-23 21:50:28,407 - 		 Approximately 9:02:59.770278 remaining.
2022-08-23 21:50:30,145 - 		 21600 iterations, 0:07:55.505478 elapsed.
2022-08-23 21:50:30,145 - 		 Approximately 9:02:25.708272 remaining.
2022-08-23 21:50:31,892 - 		 21700 iterations, 0:07:57.252193 elapsed.
2022-08-23 21:50:31,892 - 		 Approximately 9:01:52.530733 remaining.
2022-08-23 21:50:33,747 - 		 21800 iterations, 0:07:59.107378 elapsed.
2022-08-23 21:50:33,747 - 		 Approximately 9:01:26.996613 remaining.
2022-08-23 21:50:35,497 - 		 21900 iterations, 0:08:00.857514 elapsed.
2022-08-23 21:50:35,497 - 		 Approximately 9:00:54.588650 remaining.
2022-08-23 21:50:37,152 - 		 22000 iterations, 0:08:02.512466 elapsed.
2022-08-23 21:50:37,152 - 		 Approximately 9:00:16.064761 remaining.
2022-08-23 21:50:38,959 - 		 22100 iterations, 0:08:04.319536 elapsed.
2022-08-23 21:50:38,959 - 		 Approximately 8:59:48.047161 remaining.
2022-08-23 21:50:40,783 - 		 22200 iterations, 0:08:06.143775 elapsed.
2022-08-23 21:50:40,783 - 		 Approximately 8:59:21.408590 remaining.
2022-08-23 21:50:42,570 - 		 22300 iterations, 0:08:07.930034 elapsed.
2022-08-23 21:50:42,570 - 		 Approximately 8:58:52.475840 remaining.
2022-08-23 21:50:44,770 - 		 22400 iterations, 0:08:10.130226 elapsed.
2022-08-23 21:50:44,770 - 		 Approximately 8:58:51.090265 remaining.
2022-08-23 21:50:46,681 - 		 22500 iterations, 0:08:12.041138 elapsed.
2022-08-23 21:50:46,681 - 		 Approximately 8:58:30.701395 remaining.
2022-08-23 21:50:48,407 - 		 22600 iterations, 0:08:13.767390 elapsed.
2022-08-23 21:50:48,407 - 		 Approximately 8:57:58.404513 remaining.
2022-08-23 21:50:50,130 - 		 22700 iterations, 0:08:15.490385 elapsed.
2022-08-23 21:50:50,130 - 		 Approximately 8:57:26.165011 remaining.
2022-08-23 21:50:51,904 - 		 22800 iterations, 0:08:17.264011 elapsed.
2022-08-23 21:50:51,904 - 		 Approximately 8:56:57.473555 remaining.
2022-08-23 21:50:53,620 - 		 22900 iterations, 0:08:18.980083 elapsed.
2022-08-23 21:50:53,620 - 		 Approximately 8:56:25.304830 remaining.
2022-08-23 21:50:55,341 - 		 23000 iterations, 0:08:20.701098 elapsed.
2022-08-23 21:50:55,341 - 		 Approximately 8:55:53.718337 remaining.
2022-08-23 21:50:57,071 - 		 23100 iterations, 0:08:22.431835 elapsed.
2022-08-23 21:50:57,071 - 		 Approximately 8:55:23.011996 remaining.
2022-08-23 21:50:58,821 - 		 23200 iterations, 0:08:24.181058 elapsed.
2022-08-23 21:50:58,821 - 		 Approximately 8:54:53.732175 remaining.
2022-08-23 21:51:00,586 - 		 23300 iterations, 0:08:25.945999 elapsed.
2022-08-23 21:51:00,586 - 		 Approximately 8:54:25.684838 remaining.
2022-08-23 21:51:02,573 - 		 23400 iterations, 0:08:27.933022 elapsed.
2022-08-23 21:51:02,573 - 		 Approximately 8:54:11.876081 remaining.
2022-08-23 21:51:04,568 - 		 23500 iterations, 0:08:29.928733 elapsed.
2022-08-23 21:51:04,568 - 		 Approximately 8:53:58.713799 remaining.
2022-08-23 21:51:06,407 - 		 23600 iterations, 0:08:31.767258 elapsed.
2022-08-23 21:51:06,407 - 		 Approximately 8:53:35.812700 remaining.
2022-08-23 21:51:08,301 - 		 23700 iterations, 0:08:33.661284 elapsed.
2022-08-23 21:51:08,301 - 		 Approximately 8:53:16.546564 remaining.
2022-08-23 21:51:10,143 - 		 23800 iterations, 0:08:35.503438 elapsed.
2022-08-23 21:51:10,143 - 		 Approximately 8:52:54.209041 remaining.
2022-08-23 21:51:12,012 - 		 23900 iterations, 0:08:37.372136 elapsed.
2022-08-23 21:51:12,012 - 		 Approximately 8:52:33.682425 remaining.
2022-08-23 21:51:13,706 - 		 24000 iterations, 0:08:39.066915 elapsed.
2022-08-23 21:51:13,707 - 		 Approximately 8:52:02.615272 remaining.
2022-08-23 21:51:15,429 - 		 24100 iterations, 0:08:40.789644 elapsed.
2022-08-23 21:51:15,429 - 		 Approximately 8:51:33.503551 remaining.
2022-08-23 21:51:17,199 - 		 24200 iterations, 0:08:42.559530 elapsed.
2022-08-23 21:51:17,199 - 		 Approximately 8:51:07.493982 remaining.
2022-08-23 21:51:18,896 - 		 24300 iterations, 0:08:44.256057 elapsed.
2022-08-23 21:51:18,896 - 		 Approximately 8:50:37.228943 remaining.
2022-08-23 21:51:20,731 - 		 24400 iterations, 0:08:46.091388 elapsed.
2022-08-23 21:51:20,731 - 		 Approximately 8:50:15.592301 remaining.
2022-08-23 21:51:22,329 - 		 24500 iterations, 0:08:47.689625 elapsed.
2022-08-23 21:51:22,329 - 		 Approximately 8:49:39.838436 remaining.
2022-08-23 21:51:24,096 - 		 24600 iterations, 0:08:49.456777 elapsed.
2022-08-23 21:51:24,096 - 		 Approximately 8:49:14.493040 remaining.
2022-08-23 21:51:25,786 - 		 24700 iterations, 0:08:51.146555 elapsed.
2022-08-23 21:51:25,786 - 		 Approximately 8:48:44.717109 remaining.
2022-08-23 21:51:27,546 - 		 24800 iterations, 0:08:52.906538 elapsed.
2022-08-23 21:51:27,546 - 		 Approximately 8:48:19.343744 remaining.
2022-08-23 21:51:29,369 - 		 24900 iterations, 0:08:54.729289 elapsed.
2022-08-23 21:51:29,369 - 		 Approximately 8:47:57.878482 remaining.
2022-08-23 21:51:31,431 - 		 25000 iterations, 0:08:56.791549 elapsed.
2022-08-23 21:51:31,431 - 		 Approximately 8:47:50.701391 remaining.
2022-08-23 21:51:33,417 - 		 25100 iterations, 0:08:58.777265 elapsed.
2022-08-23 21:51:33,417 - 		 Approximately 8:47:39.067257 remaining.
2022-08-23 21:51:35,179 - 		 25200 iterations, 0:09:00.539071 elapsed.
2022-08-23 21:51:35,179 - 		 Approximately 8:47:14.405631 remaining.
2022-08-23 21:51:37,028 - 		 25300 iterations, 0:09:02.388881 elapsed.
2022-08-23 21:51:37,029 - 		 Approximately 8:46:55.054657 remaining.
2022-08-23 21:51:38,896 - 		 25400 iterations, 0:09:04.256837 elapsed.
2022-08-23 21:51:38,896 - 		 Approximately 8:46:36.894954 remaining.
2022-08-23 21:51:40,708 - 		 25500 iterations, 0:09:06.068558 elapsed.
2022-08-23 21:51:40,708 - 		 Approximately 8:46:15.611324 remaining.
2022-08-23 21:51:42,496 - 		 25600 iterations, 0:09:07.856070 elapsed.
2022-08-23 21:51:42,496 - 		 Approximately 8:45:53.085532 remaining.
2022-08-23 21:51:44,305 - 		 25700 iterations, 0:09:09.665838 elapsed.
2022-08-23 21:51:44,305 - 		 Approximately 8:45:31.997858 remaining.
2022-08-23 21:51:46,180 - 		 25800 iterations, 0:09:11.540917 elapsed.
2022-08-23 21:51:46,181 - 		 Approximately 8:45:14.791467 remaining.
2022-08-23 21:51:47,957 - 		 25900 iterations, 0:09:13.317512 elapsed.
2022-08-23 21:51:47,957 - 		 Approximately 8:44:52.098241 remaining.
2022-08-23 21:51:49,619 - 		 26000 iterations, 0:09:14.979633 elapsed.
2022-08-23 21:51:49,619 - 		 Approximately 8:44:23.076117 remaining.
2022-08-23 21:51:51,633 - 		 26100 iterations, 0:09:16.992992 elapsed.
2022-08-23 21:51:51,633 - 		 Approximately 8:44:14.098502 remaining.
2022-08-23 21:51:53,394 - 		 26200 iterations, 0:09:18.754181 elapsed.
2022-08-23 21:51:53,394 - 		 Approximately 8:43:50.989006 remaining.
2022-08-23 21:51:55,424 - 		 26300 iterations, 0:09:20.784930 elapsed.
2022-08-23 21:51:55,425 - 		 Approximately 8:43:43.146439 remaining.
2022-08-23 21:51:57,268 - 		 26400 iterations, 0:09:22.628864 elapsed.
2022-08-23 21:51:57,269 - 		 Approximately 8:43:24.920227 remaining.
2022-08-23 21:51:58,994 - 		 26500 iterations, 0:09:24.354147 elapsed.
2022-08-23 21:51:58,994 - 		 Approximately 8:43:00.220211 remaining.
2022-08-23 21:52:00,690 - 		 26600 iterations, 0:09:26.050148 elapsed.
2022-08-23 21:52:00,690 - 		 Approximately 8:42:34.070980 remaining.
2022-08-23 21:52:02,395 - 		 26700 iterations, 0:09:27.755754 elapsed.
2022-08-23 21:52:02,395 - 		 Approximately 8:42:08.634920 remaining.
2022-08-23 21:52:04,110 - 		 26800 iterations, 0:09:29.470423 elapsed.
2022-08-23 21:52:04,110 - 		 Approximately 8:41:43.874148 remaining.
2022-08-23 21:52:05,845 - 		 26900 iterations, 0:09:31.205018 elapsed.
2022-08-23 21:52:05,845 - 		 Approximately 8:41:20.375911 remaining.
2022-08-23 21:52:07,606 - 		 27000 iterations, 0:09:32.966869 elapsed.
2022-08-23 21:52:07,607 - 		 Approximately 8:40:58.525853 remaining.
2022-08-23 21:52:09,373 - 		 27100 iterations, 0:09:34.733039 elapsed.
2022-08-23 21:52:09,373 - 		 Approximately 8:40:37.058788 remaining.
2022-08-23 21:52:11,132 - 		 27200 iterations, 0:09:36.491960 elapsed.
2022-08-23 21:52:11,132 - 		 Approximately 8:40:15.344069 remaining.
2022-08-23 21:52:13,169 - 		 27300 iterations, 0:09:38.529573 elapsed.
2022-08-23 21:52:13,169 - 		 Approximately 8:40:08.809603 remaining.
2022-08-23 21:52:14,921 - 		 27400 iterations, 0:09:40.281349 elapsed.
2022-08-23 21:52:14,921 - 		 Approximately 8:39:46.945786 remaining.
2022-08-23 21:52:16,672 - 		 27500 iterations, 0:09:42.032600 elapsed.
2022-08-23 21:52:16,672 - 		 Approximately 8:39:25.200127 remaining.
2022-08-23 21:52:18,408 - 		 27600 iterations, 0:09:43.768051 elapsed.
2022-08-23 21:52:18,408 - 		 Approximately 8:39:02.756460 remaining.
2022-08-23 21:52:20,127 - 		 27700 iterations, 0:09:45.487953 elapsed.
2022-08-23 21:52:20,128 - 		 Approximately 8:38:39.635856 remaining.
2022-08-23 21:52:21,926 - 		 27800 iterations, 0:09:47.286631 elapsed.
2022-08-23 21:52:21,926 - 		 Approximately 8:38:20.840941 remaining.
2022-08-23 21:52:24,037 - 		 27900 iterations, 0:09:49.397605 elapsed.
2022-08-23 21:52:24,037 - 		 Approximately 8:38:18.645675 remaining.
2022-08-23 21:52:25,708 - 		 28000 iterations, 0:09:51.067980 elapsed.
2022-08-23 21:52:25,708 - 		 Approximately 8:37:53.288091 remaining.
2022-08-23 21:52:27,516 - 		 28100 iterations, 0:09:52.876179 elapsed.
2022-08-23 21:52:27,516 - 		 Approximately 8:37:35.318430 remaining.
2022-08-23 21:52:29,254 - 		 28200 iterations, 0:09:54.613977 elapsed.
2022-08-23 21:52:29,254 - 		 Approximately 8:37:13.789055 remaining.
2022-08-23 21:52:31,117 - 		 28300 iterations, 0:09:56.477032 elapsed.
2022-08-23 21:52:31,117 - 		 Approximately 8:36:58.913357 remaining.
2022-08-23 21:52:32,837 - 		 28400 iterations, 0:09:58.197495 elapsed.
2022-08-23 21:52:32,837 - 		 Approximately 8:36:36.740621 remaining.
2022-08-23 21:52:34,674 - 		 28500 iterations, 0:10:00.034057 elapsed.
2022-08-23 21:52:34,674 - 		 Approximately 8:36:20.705785 remaining.
2022-08-23 21:52:36,331 - 		 28600 iterations, 0:10:01.691008 elapsed.
2022-08-23 21:52:36,331 - 		 Approximately 8:35:55.529691 remaining.
2022-08-23 21:52:38,723 - 		 28700 iterations, 0:10:04.083402 elapsed.
2022-08-23 21:52:38,723 - 		 Approximately 8:36:08.219838 remaining.
2022-08-23 21:52:40,521 - 		 28800 iterations, 0:10:05.881751 elapsed.
2022-08-23 21:52:40,521 - 		 Approximately 8:35:50.459447 remaining.
2022-08-23 21:52:42,175 - 		 28900 iterations, 0:10:07.535674 elapsed.
2022-08-23 21:52:42,175 - 		 Approximately 8:35:25.457786 remaining.
2022-08-23 21:52:43,991 - 		 29000 iterations, 0:10:09.351613 elapsed.
2022-08-23 21:52:43,991 - 		 Approximately 8:35:08.835266 remaining.
2022-08-23 21:52:45,797 - 		 29100 iterations, 0:10:11.157638 elapsed.
2022-08-23 21:52:45,797 - 		 Approximately 8:34:51.813393 remaining.
2022-08-23 21:52:47,586 - 		 29200 iterations, 0:10:12.946490 elapsed.
2022-08-23 21:52:47,586 - 		 Approximately 8:34:34.030736 remaining.
2022-08-23 21:52:49,335 - 		 29300 iterations, 0:10:14.695031 elapsed.
2022-08-23 21:52:49,335 - 		 Approximately 8:34:14.333860 remaining.
2022-08-23 21:52:51,640 - 		 29400 iterations, 0:10:17.000055 elapsed.
2022-08-23 21:52:51,640 - 		 Approximately 8:34:22.594588 remaining.
2022-08-23 21:52:53,376 - 		 29500 iterations, 0:10:18.736065 elapsed.
2022-08-23 21:52:53,376 - 		 Approximately 8:34:02.419782 remaining.
2022-08-23 21:52:55,224 - 		 29600 iterations, 0:10:20.584932 elapsed.
2022-08-23 21:52:55,225 - 		 Approximately 8:33:47.975811 remaining.
2022-08-23 21:52:57,038 - 		 29700 iterations, 0:10:22.398510 elapsed.
2022-08-23 21:52:57,038 - 		 Approximately 8:33:31.869672 remaining.
2022-08-23 21:52:58,786 - 		 29800 iterations, 0:10:24.146085 elapsed.
2022-08-23 21:52:58,786 - 		 Approximately 8:33:12.603160 remaining.
2022-08-23 21:53:00,491 - 		 29900 iterations, 0:10:25.851061 elapsed.
2022-08-23 21:53:00,491 - 		 Approximately 8:32:51.359357 remaining.
2022-08-23 21:53:02,739 - 		 30000 iterations, 0:10:28.099361 elapsed.
2022-08-23 21:53:02,739 - 		 Approximately 8:32:56.868689 remaining.
2022-08-23 21:53:04,816 - 		 30100 iterations, 0:10:30.176444 elapsed.
2022-08-23 21:53:04,816 - 		 Approximately 8:32:53.965284 remaining.
2022-08-23 21:53:06,609 - 		 30200 iterations, 0:10:31.969068 elapsed.
2022-08-23 21:53:06,609 - 		 Approximately 8:32:37.223051 remaining.
2022-08-23 21:53:08,420 - 		 30300 iterations, 0:10:33.780071 elapsed.
2022-08-23 21:53:08,420 - 		 Approximately 8:32:21.470969 remaining.
2022-08-23 21:53:10,116 - 		 30400 iterations, 0:10:35.476392 elapsed.
2022-08-23 21:53:10,116 - 		 Approximately 8:32:00.266634 remaining.
2022-08-23 21:53:11,925 - 		 30500 iterations, 0:10:37.285530 elapsed.
2022-08-23 21:53:11,925 - 		 Approximately 8:31:44.625781 remaining.
2022-08-23 21:53:13,630 - 		 30600 iterations, 0:10:38.990041 elapsed.
2022-08-23 21:53:13,630 - 		 Approximately 8:31:24.051184 remaining.
2022-08-23 21:53:15,992 - 		 30700 iterations, 0:10:41.352364 elapsed.
2022-08-23 21:53:15,992 - 		 Approximately 8:31:35.082359 remaining.
2022-08-23 21:53:18,320 - 		 30800 iterations, 0:10:43.680912 elapsed.
2022-08-23 21:53:18,321 - 		 Approximately 8:31:44.415452 remaining.
2022-08-23 21:53:19,963 - 		 30900 iterations, 0:10:45.322977 elapsed.
2022-08-23 21:53:19,963 - 		 Approximately 8:31:21.035130 remaining.
2022-08-23 21:53:21,758 - 		 31000 iterations, 0:10:47.118319 elapsed.
2022-08-23 21:53:21,758 - 		 Approximately 8:31:05.058407 remaining.
2022-08-23 21:53:24,087 - 		 31100 iterations, 0:10:49.447201 elapsed.
2022-08-23 21:53:24,087 - 		 Approximately 8:31:14.372783 remaining.
2022-08-23 21:53:25,790 - 		 31200 iterations, 0:10:51.150638 elapsed.
2022-08-23 21:53:25,790 - 		 Approximately 8:30:54.168497 remaining.
2022-08-23 21:53:27,583 - 		 31300 iterations, 0:10:52.943022 elapsed.
2022-08-23 21:53:27,583 - 		 Approximately 8:30:38.256115 remaining.
2022-08-23 21:53:29,294 - 		 31400 iterations, 0:10:54.654903 elapsed.
2022-08-23 21:53:29,295 - 		 Approximately 8:30:18.668489 remaining.
2022-08-23 21:53:31,101 - 		 31500 iterations, 0:10:56.461859 elapsed.
2022-08-23 21:53:31,102 - 		 Approximately 8:30:03.626665 remaining.
2022-08-23 21:53:32,821 - 		 31600 iterations, 0:10:58.181942 elapsed.
2022-08-23 21:53:32,822 - 		 Approximately 8:29:44.631761 remaining.
2022-08-23 21:53:34,621 - 		 31700 iterations, 0:10:59.981334 elapsed.
2022-08-23 21:53:34,621 - 		 Approximately 8:29:29.419328 remaining.
2022-08-23 21:53:36,394 - 		 31800 iterations, 0:11:01.754404 elapsed.
2022-08-23 21:53:36,394 - 		 Approximately 8:29:13.075973 remaining.
2022-08-23 21:53:38,210 - 		 31900 iterations, 0:11:03.570632 elapsed.
2022-08-23 21:53:38,210 - 		 Approximately 8:28:58.810183 remaining.
2022-08-23 21:53:40,113 - 		 32000 iterations, 0:11:05.473916 elapsed.
2022-08-23 21:53:40,114 - 		 Approximately 8:28:48.615896 remaining.
2022-08-23 21:53:41,778 - 		 32100 iterations, 0:11:07.138148 elapsed.
2022-08-23 21:53:41,778 - 		 Approximately 8:28:27.541665 remaining.
2022-08-23 21:53:43,591 - 		 32200 iterations, 0:11:08.951150 elapsed.
2022-08-23 21:53:43,591 - 		 Approximately 8:28:13.369502 remaining.
2022-08-23 21:53:45,414 - 		 32300 iterations, 0:11:10.774157 elapsed.
2022-08-23 21:53:45,414 - 		 Approximately 8:27:59.728490 remaining.
2022-08-23 21:53:47,114 - 		 32400 iterations, 0:11:12.474263 elapsed.
2022-08-23 21:53:47,114 - 		 Approximately 8:27:40.593468 remaining.
2022-08-23 21:53:48,817 - 		 32500 iterations, 0:11:14.177417 elapsed.
2022-08-23 21:53:48,817 - 		 Approximately 8:27:21.703368 remaining.
2022-08-23 21:53:50,848 - 		 32600 iterations, 0:11:16.208720 elapsed.
2022-08-23 21:53:50,848 - 		 Approximately 8:27:17.689440 remaining.
2022-08-23 21:53:53,255 - 		 32700 iterations, 0:11:18.615019 elapsed.
2022-08-23 21:53:53,255 - 		 Approximately 8:27:30.514293 remaining.
2022-08-23 21:53:55,160 - 		 32800 iterations, 0:11:20.520038 elapsed.
2022-08-23 21:53:55,160 - 		 Approximately 8:27:20.823163 remaining.
2022-08-23 21:53:56,979 - 		 32900 iterations, 0:11:22.339204 elapsed.
2022-08-23 21:53:56,979 - 		 Approximately 8:27:07.350948 remaining.
2022-08-23 21:53:59,184 - 		 33000 iterations, 0:11:24.544885 elapsed.
2022-08-23 21:53:59,185 - 		 Approximately 8:27:11.131706 remaining.
2022-08-23 21:54:00,937 - 		 33100 iterations, 0:11:26.297324 elapsed.
2022-08-23 21:54:00,937 - 		 Approximately 8:26:54.789866 remaining.
2022-08-23 21:54:02,712 - 		 33200 iterations, 0:11:28.072767 elapsed.
2022-08-23 21:54:02,712 - 		 Approximately 8:26:39.552248 remaining.
2022-08-23 21:54:04,377 - 		 33300 iterations, 0:11:29.737227 elapsed.
2022-08-23 21:54:04,377 - 		 Approximately 8:26:19.507232 remaining.
2022-08-23 21:54:06,112 - 		 33400 iterations, 0:11:31.472922 elapsed.
2022-08-23 21:54:06,113 - 		 Approximately 8:26:02.700222 remaining.
2022-08-23 21:54:07,769 - 		 33500 iterations, 0:11:33.129607 elapsed.
2022-08-23 21:54:07,769 - 		 Approximately 8:25:42.524438 remaining.
2022-08-23 21:54:09,500 - 		 33600 iterations, 0:11:34.860183 elapsed.
2022-08-23 21:54:09,500 - 		 Approximately 8:25:25.683701 remaining.
2022-08-23 21:54:11,251 - 		 33700 iterations, 0:11:36.611095 elapsed.
2022-08-23 21:54:11,251 - 		 Approximately 8:25:09.817466 remaining.
2022-08-23 21:54:13,024 - 		 33800 iterations, 0:11:38.384512 elapsed.
2022-08-23 21:54:13,032 - 		 Approximately 8:24:55.010991 remaining.
2022-08-23 21:54:14,652 - 		 33900 iterations, 0:11:40.012569 elapsed.
2022-08-23 21:54:14,652 - 		 Approximately 8:24:33.994909 remaining.
2022-08-23 21:54:16,458 - 		 34000 iterations, 0:11:41.818016 elapsed.
2022-08-23 21:54:16,458 - 		 Approximately 8:24:20.741513 remaining.
2022-08-23 21:54:18,227 - 		 34100 iterations, 0:11:43.587091 elapsed.
2022-08-23 21:54:18,227 - 		 Approximately 8:24:05.991692 remaining.
2022-08-23 21:54:20,074 - 		 34200 iterations, 0:11:45.434094 elapsed.
2022-08-23 21:54:20,074 - 		 Approximately 8:23:54.657748 remaining.
2022-08-23 21:54:21,928 - 		 34300 iterations, 0:11:47.288701 elapsed.
2022-08-23 21:54:21,928 - 		 Approximately 8:23:43.704054 remaining.
2022-08-23 21:54:23,744 - 		 34400 iterations, 0:11:49.104329 elapsed.
2022-08-23 21:54:23,744 - 		 Approximately 8:23:31.142575 remaining.
2022-08-23 21:54:25,484 - 		 34500 iterations, 0:11:50.844399 elapsed.
2022-08-23 21:54:25,484 - 		 Approximately 8:23:15.433818 remaining.
2022-08-23 21:54:27,197 - 		 34600 iterations, 0:11:52.557931 elapsed.
2022-08-23 21:54:27,198 - 		 Approximately 8:22:58.681852 remaining.
2022-08-23 21:54:29,363 - 		 34700 iterations, 0:11:54.723192 elapsed.
2022-08-23 21:54:29,363 - 		 Approximately 8:23:01.092024 remaining.
2022-08-23 21:54:31,267 - 		 34800 iterations, 0:11:56.627015 elapsed.
2022-08-23 21:54:31,267 - 		 Approximately 8:22:52.468459 remaining.
2022-08-23 21:54:33,078 - 		 34900 iterations, 0:11:58.438849 elapsed.
2022-08-23 21:54:33,078 - 		 Approximately 8:22:40.021710 remaining.
2022-08-23 21:54:35,249 - 		 35000 iterations, 0:12:00.609545 elapsed.
2022-08-23 21:54:35,249 - 		 Approximately 8:22:42.656669 remaining.
2022-08-23 21:54:36,956 - 		 35100 iterations, 0:12:02.316480 elapsed.
2022-08-23 21:54:36,956 - 		 Approximately 8:22:25.909161 remaining.
2022-08-23 21:54:38,662 - 		 35200 iterations, 0:12:04.022420 elapsed.
2022-08-23 21:54:38,662 - 		 Approximately 8:22:09.205705 remaining.
2022-08-23 21:54:40,366 - 		 35300 iterations, 0:12:05.726929 elapsed.
2022-08-23 21:54:40,367 - 		 Approximately 8:21:52.527844 remaining.
2022-08-23 21:54:42,124 - 		 35400 iterations, 0:12:07.484618 elapsed.
2022-08-23 21:54:42,124 - 		 Approximately 8:21:38.134789 remaining.
2022-08-23 21:54:43,957 - 		 35500 iterations, 0:12:09.317202 elapsed.
2022-08-23 21:54:43,957 - 		 Approximately 8:21:26.902601 remaining.
2022-08-23 21:54:45,611 - 		 35600 iterations, 0:12:10.971280 elapsed.
2022-08-23 21:54:45,611 - 		 Approximately 8:21:08.380405 remaining.
2022-08-23 21:54:47,399 - 		 35700 iterations, 0:12:12.759462 elapsed.
2022-08-23 21:54:47,399 - 		 Approximately 8:20:55.453227 remaining.
2022-08-23 21:54:49,258 - 		 35800 iterations, 0:12:14.618487 elapsed.
2022-08-23 21:54:49,258 - 		 Approximately 8:20:45.485717 remaining.
2022-08-23 21:54:51,013 - 		 35900 iterations, 0:12:16.373518 elapsed.
2022-08-23 21:54:51,013 - 		 Approximately 8:20:31.322220 remaining.
2022-08-23 21:54:52,704 - 		 36000 iterations, 0:12:18.064199 elapsed.
2022-08-23 21:54:52,704 - 		 Approximately 8:20:14.610759 remaining.
2022-08-23 21:54:54,466 - 		 36100 iterations, 0:12:19.826558 elapsed.
2022-08-23 21:54:54,466 - 		 Approximately 8:20:00.889148 remaining.
2022-08-23 21:54:56,223 - 		 36200 iterations, 0:12:21.583871 elapsed.
2022-08-23 21:54:56,224 - 		 Approximately 8:19:47.029568 remaining.
2022-08-23 21:54:57,982 - 		 36300 iterations, 0:12:23.342327 elapsed.
2022-08-23 21:54:57,982 - 		 Approximately 8:19:33.282756 remaining.
2022-08-23 21:54:59,705 - 		 36400 iterations, 0:12:25.065907 elapsed.
2022-08-23 21:54:59,706 - 		 Approximately 8:19:18.199491 remaining.
2022-08-23 21:55:01,456 - 		 36500 iterations, 0:12:26.816744 elapsed.
2022-08-23 21:55:01,456 - 		 Approximately 8:19:04.282324 remaining.
2022-08-23 21:55:03,165 - 		 36600 iterations, 0:12:28.525746 elapsed.
2022-08-23 21:55:03,165 - 		 Approximately 8:18:48.758926 remaining.
2022-08-23 21:55:04,906 - 		 36700 iterations, 0:12:30.266400 elapsed.
2022-08-23 21:55:04,906 - 		 Approximately 8:18:34.572837 remaining.
2022-08-23 21:55:06,584 - 		 36800 iterations, 0:12:31.944568 elapsed.
2022-08-23 21:55:06,584 - 		 Approximately 8:18:17.969889 remaining.
2022-08-23 21:55:08,204 - 		 36900 iterations, 0:12:33.564937 elapsed.
2022-08-23 21:55:08,205 - 		 Approximately 8:17:59.156079 remaining.
2022-08-23 21:55:10,824 - 		 37000 iterations, 0:12:36.184435 elapsed.
2022-08-23 21:55:10,824 - 		 Approximately 8:18:19.941308 remaining.
2022-08-23 21:55:12,528 - 		 37100 iterations, 0:12:37.888792 elapsed.
2022-08-23 21:55:12,528 - 		 Approximately 8:18:04.515197 remaining.
2022-08-23 21:55:14,290 - 		 37200 iterations, 0:12:39.650591 elapsed.
2022-08-23 21:55:14,290 - 		 Approximately 8:17:51.421627 remaining.
2022-08-23 21:55:16,081 - 		 37300 iterations, 0:12:41.441676 elapsed.
2022-08-23 21:55:16,081 - 		 Approximately 8:17:39.537252 remaining.
2022-08-23 21:55:17,853 - 		 37400 iterations, 0:12:43.213685 elapsed.
2022-08-23 21:55:17,853 - 		 Approximately 8:17:26.960847 remaining.
2022-08-23 21:55:19,698 - 		 37500 iterations, 0:12:45.058031 elapsed.
2022-08-23 21:55:19,698 - 		 Approximately 8:17:17.263209 remaining.
2022-08-23 21:55:21,517 - 		 37600 iterations, 0:12:46.877737 elapsed.
2022-08-23 21:55:21,517 - 		 Approximately 8:17:06.649005 remaining.
2022-08-23 21:55:23,353 - 		 37700 iterations, 0:12:48.713316 elapsed.
2022-08-23 21:55:23,353 - 		 Approximately 8:16:56.697135 remaining.
2022-08-23 21:55:25,163 - 		 37800 iterations, 0:12:50.523215 elapsed.
2022-08-23 21:55:25,163 - 		 Approximately 8:16:45.794841 remaining.
2022-08-23 21:55:26,948 - 		 37900 iterations, 0:12:52.308684 elapsed.
2022-08-23 21:55:26,948 - 		 Approximately 8:16:33.998071 remaining.
2022-08-23 21:55:28,898 - 		 38000 iterations, 0:12:54.258145 elapsed.
2022-08-23 21:55:28,898 - 		 Approximately 8:16:28.563368 remaining.
2022-08-23 21:55:30,668 - 		 38100 iterations, 0:12:56.028452 elapsed.
2022-08-23 21:55:30,668 - 		 Approximately 8:16:16.272808 remaining.
2022-08-23 21:55:32,421 - 		 38200 iterations, 0:12:57.781501 elapsed.
2022-08-23 21:55:32,421 - 		 Approximately 8:16:03.376915 remaining.
2022-08-23 21:55:34,190 - 		 38300 iterations, 0:12:59.550403 elapsed.
2022-08-23 21:55:34,190 - 		 Approximately 8:15:51.144231 remaining.
2022-08-23 21:55:35,961 - 		 38400 iterations, 0:13:01.321087 elapsed.
2022-08-23 21:55:35,961 - 		 Approximately 8:15:39.033874 remaining.
2022-08-23 21:55:37,672 - 		 38500 iterations, 0:13:03.032225 elapsed.
2022-08-23 21:55:37,672 - 		 Approximately 8:15:24.716801 remaining.
2022-08-23 21:55:39,696 - 		 38600 iterations, 0:13:05.056707 elapsed.
2022-08-23 21:55:39,696 - 		 Approximately 8:15:22.328280 remaining.
2022-08-23 21:55:41,886 - 		 38700 iterations, 0:13:07.246388 elapsed.
2022-08-23 21:55:41,886 - 		 Approximately 8:15:26.179503 remaining.
2022-08-23 21:55:43,550 - 		 38800 iterations, 0:13:08.910286 elapsed.
2022-08-23 21:55:43,550 - 		 Approximately 8:15:10.198709 remaining.
2022-08-23 21:55:45,265 - 		 38900 iterations, 0:13:10.625652 elapsed.
2022-08-23 21:55:45,265 - 		 Approximately 8:14:56.224682 remaining.
2022-08-23 21:55:46,981 - 		 39000 iterations, 0:13:12.341195 elapsed.
2022-08-23 21:55:46,981 - 		 Approximately 8:14:42.320151 remaining.
2022-08-23 21:55:48,723 - 		 39100 iterations, 0:13:14.083034 elapsed.
2022-08-23 21:55:48,723 - 		 Approximately 8:14:29.460470 remaining.
2022-08-23 21:55:50,439 - 		 39200 iterations, 0:13:15.799556 elapsed.
2022-08-23 21:55:50,439 - 		 Approximately 8:14:15.714066 remaining.
2022-08-23 21:55:52,075 - 		 39300 iterations, 0:13:17.435728 elapsed.
2022-08-23 21:55:52,075 - 		 Approximately 8:13:59.042440 remaining.
2022-08-23 21:55:53,739 - 		 39400 iterations, 0:13:19.099747 elapsed.
2022-08-23 21:55:53,739 - 		 Approximately 8:13:43.479454 remaining.
2022-08-23 21:55:55,441 - 		 39500 iterations, 0:13:20.801693 elapsed.
2022-08-23 21:55:55,441 - 		 Approximately 8:13:29.389180 remaining.
2022-08-23 21:55:57,150 - 		 39600 iterations, 0:13:22.510195 elapsed.
2022-08-23 21:55:57,150 - 		 Approximately 8:13:15.603252 remaining.
2022-08-23 21:55:58,972 - 		 39700 iterations, 0:13:24.332275 elapsed.
2022-08-23 21:55:58,972 - 		 Approximately 8:13:06.055949 remaining.
